<?xml version="1.0" encoding="UTF-8"?>
<testsuite xmlns:xsi="http://www.w3.org/2001/XMLSchema-instance" xsi:noNamespaceSchemaLocation="https://maven.apache.org/surefire/maven-surefire-plugin/xsd/surefire-test-report-3.0.xsd" version="3.0" name="TestSuite" time="54.273" tests="1" errors="0" skipped="0" failures="1">
  <properties>
[...]
</properties>
  <testcase name="runScenario" classname="com.sharepoint.qa.runner.MyTestNgRunnerTest" time="52.217">
    <failure message="no such element: Unable to locate element: {&quot;method&quot;:&quot;xpath&quot;,&quot;selector&quot;:&quot;//input[@title=&apos;CRM ID Required Field&apos;]&quot;}&#10;  (Session info: chrome=78.0.3904.87)&#10;For documentation on this error, please visit: https://www.seleniumhq.org/exceptions/no_such_element.html&#10;Build info: version: &apos;3.141.59&apos;, revision: &apos;e82be7d358&apos;, time: &apos;2018-11-14T08:17:03&apos;&#10;System info: host: &apos;MUM-LAP-409&apos;, ip: &apos;10.102.193.248&apos;, os.name: &apos;Windows 7&apos;, os.arch: &apos;amd64&apos;, os.version: &apos;6.1&apos;, java.version: &apos;11.0.1&apos;&#10;Driver info: org.openqa.selenium.chrome.ChromeDriver&#10;Capabilities {acceptInsecureCerts: false, browserName: chrome, browserVersion: 78.0.3904.87, chrome: {chromedriverVersion: 78.0.3904.70 (edb9c9f3de024..., userDataDir: C:\Users\JIGAR~1.MEH\AppDat...}, goog:chromeOptions: {debuggerAddress: localhost:55875}, javascriptEnabled: true, networkConnectionEnabled: false, pageLoadStrategy: normal, platform: XP, platformName: XP, proxy: Proxy(), setWindowRect: true, strictFileInteractability: false, timeouts: {implicit: 0, pageLoad: 300000, script: 30000}, unhandledPromptBehavior: dismiss and notify}&#10;Session ID: 50f07c3ca01d2d5f1150f4499f75944c&#10;*** Element info: {Using=xpath, value=//input[@title=&apos;CRM ID Required Field&apos;]}" type="org.openqa.selenium.NoSuchElementException">org.openqa.selenium.NoSuchElementException: 
no such element: Unable to locate element: {"method":"xpath","selector":"//input[@title='CRM ID Required Field']"}
  (Session info: chrome=78.0.3904.87)
For documentation on this error, please visit: https://www.seleniumhq.org/exceptions/no_such_element.html
Build info: version: '3.141.59', revision: 'e82be7d358', time: '2018-11-14T08:17:03'
System info: host: 'MUM-LAP-409', ip: '10.102.193.248', os.name: 'Windows 7', os.arch: 'amd64', os.version: '6.1', java.version: '11.0.1'
Driver info: org.openqa.selenium.chrome.ChromeDriver
Capabilities {acceptInsecureCerts: false, browserName: chrome, browserVersion: 78.0.3904.87, chrome: {chromedriverVersion: 78.0.3904.70 (edb9c9f3de024..., userDataDir: C:\Users\JIGAR~1.MEH\AppDat...}, goog:chromeOptions: {debuggerAddress: localhost:55875}, javascriptEnabled: true, networkConnectionEnabled: false, pageLoadStrategy: normal, platform: XP, platformName: XP, proxy: Proxy(), setWindowRect: true, strictFileInteractability: false, timeouts: {implicit: 0, pageLoad: 300000, script: 30000}, unhandledPromptBehavior: dismiss and notify}
Session ID: 50f07c3ca01d2d5f1150f4499f75944c
*** Element info: {Using=xpath, value=//input[@title='CRM ID Required Field']}
</failure>
    <system-out><![CDATA[Beginning of getExtentReportsInstance method in ExtentHtmlManager class...
Report name = 04_11_2019_21_49_59.html
End of getExtentReportsInstance method in ExtentHtmlManager class...
Beginning of TestBase Constructor in TestBase Class...
End of TestBase Constructor in TestBase Class...
Beginning of initialization method in TestBase Class...
testDataSheetPath in initialization method in TestBase = \src\main\java\com\sharepoint\qa\testdata\SharepointTestData.xlsx
Beginning of getExtentReportsInstance method in ExtentHtmlManager class...
Beginning of TestBase Constructor in TestBase Class...
End of TestBase Constructor in TestBase Class...
newurl = http://jigar.mehta1:Mumbai21@!@nuk-d3-vapp034:9999/Bid%20List/Forms/StandardSecurityView.aspx
Before navigating to: 'http://jigar.mehta1:Mumbai21@!@nuk-d3-vapp034:9999/Bid%20List/Forms/StandardSecurityView.aspx'
Navigated to:'http://jigar.mehta1:Mumbai21@!@nuk-d3-vapp034:9999/Bid%20List/Forms/StandardSecurityView.aspx'
End of initialization method in TestBase Class...
Beginning of getExtentReportsInstance method in ExtentHtmlManager class...
Beginning of TestBase Constructor in TestBase Class...
End of TestBase Constructor in TestBase Class...
actualtitle = Bid List - StandardSecurityView
Beginning of getExtentReportsInstance method in ExtentHtmlManager class...
Beginning of TestBase Constructor in TestBase Class...
End of TestBase Constructor in TestBase Class...
Beginning of getExtentReportsInstance method in ExtentHtmlManager class...
Beginning of TestBase Constructor in TestBase Class...
End of TestBase Constructor in TestBase Class...
Trying to find Element By : By.xpath: //a[@title='Create New Bid']
Found Element By : By.xpath: //a[@title='Create New Bid']
Trying to click on: [[ChromeDriver: chrome on XP (50f07c3ca01d2d5f1150f4499f75944c)] -> xpath: //a[@title='Create New Bid']]
Clicked on: [[ChromeDriver: chrome on XP (50f07c3ca01d2d5f1150f4499f75944c)] -> xpath: //a[@title='Create New Bid']]
Trying to find Element By : By.xpath: //iframe[@class='ms-dlgFrame']
Found Element By : By.xpath: //iframe[@class='ms-dlgFrame']
BidTitle = Bid Title 1
ClientName = British Telecom1
BidEventType = BAFO1
BidManager = Jigar Mehta
SalesLead = Jigar Mehta
Sensitivitylevel = Standard Security
Notes = Notes1
Securityclearancerequirements = SecurityClearanceRequirements
SubmissionInstructions = SubmissionInstructions1


Beginning of getExtentReportsInstance method in ExtentHtmlManager class...
Beginning of TestBase Constructor in TestBase Class...
End of TestBase Constructor in TestBase Class...
Beginning of getExtentReportsInstance method in ExtentHtmlManager class...
Beginning of TestBase Constructor in TestBase Class...
End of TestBase Constructor in TestBase Class...
Trying to find Element By : By.xpath: //input[@title='CRM ID Required Field']
Exception occured: org.openqa.selenium.NoSuchElementException: no such element: Unable to locate element: {"method":"xpath","selector":"//input[@title='CRM ID Required Field']"}
  (Session info: chrome=78.0.3904.87)
For documentation on this error, please visit: https://www.seleniumhq.org/exceptions/no_such_element.html
Build info: version: '3.141.59', revision: 'e82be7d358', time: '2018-11-14T08:17:03'
System info: host: 'MUM-LAP-409', ip: '10.102.193.248', os.name: 'Windows 7', os.arch: 'amd64', os.version: '6.1', java.version: '11.0.1'
Driver info: org.openqa.selenium.chrome.ChromeDriver
Capabilities {acceptInsecureCerts: false, browserName: chrome, browserVersion: 78.0.3904.87, chrome: {chromedriverVersion: 78.0.3904.70 (edb9c9f3de024..., userDataDir: C:\Users\JIGAR~1.MEH\AppDat...}, goog:chromeOptions: {debuggerAddress: localhost:55875}, javascriptEnabled: true, networkConnectionEnabled: false, pageLoadStrategy: normal, platform: XP, platformName: XP, proxy: Proxy(), setWindowRect: true, strictFileInteractability: false, timeouts: {implicit: 0, pageLoad: 300000, script: 30000}, unhandledPromptBehavior: dismiss and notify}
Session ID: 50f07c3ca01d2d5f1150f4499f75944c
*** Element info: {Using=xpath, value=//input[@title='CRM ID Required Field']}
]]></system-out>
    <system-err><![CDATA[Nov 04, 2019 9:49:59 PM cucumber.runtime.java.ObjectFactoryLoader loadSingleObjectFactory
INFO: Loading ObjectFactory via service loader: io.cucumber.picocontainer.PicoFactory
Starting ChromeDriver 78.0.3904.70 (edb9c9f3de0247fd912a77b7f6cae7447f6d3ad5-refs/branch-heads/3904@{#800}) on port 12590
Only local connections are allowed.
Please protect ports used by ChromeDriver and related test frameworks to prevent access by malicious code.
Nov 04, 2019 9:50:04 PM org.openqa.selenium.remote.ProtocolHandshake createSession
INFO: Detected dialect: W3C
]]></system-err>
  </testcase>
</testsuite>